# JRE version: OpenJDK Runtime Environment (10.0.2+13) (build 10.0.2+13-Ubuntu-1ubuntu0.18.04.4)
# Java VM: OpenJDK 64-Bit Server VM (10.0.2+13-Ubuntu-1ubuntu0.18.04.4, mixed mode, tiered, compressed oops, g1 gc, linux-amd64)
Heap:
 garbage-first heap   total 418816K, used 201495K [0x00000000d9a00000, 0x0000000100000000)
  region size 1024K, 16 young (16384K), 10 survivors (10240K)
 Metaspace       used 63537K, capacity 66303K, committed 66868K, reserved 1110016K
  class space    used 5636K, capacity 6638K, committed 6732K, reserved 1048576K
GC Heap History (10 events):
Event: 167.790 GC heap before
{Heap before GC invocations=96 (full 0):
 garbage-first heap   total 418816K, used 283347K [0x00000000d9a00000, 0x0000000100000000)
  region size 1024K, 20 young (20480K), 3 survivors (3072K)
 Metaspace       used 63400K, capacity 66175K, committed 66612K, reserved 1110016K
  class space    used 5635K, capacity 6638K, committed 6732K, reserved 1048576K
}
Event: 167.810 GC heap after
{Heap after GC invocations=97 (full 0):
 garbage-first heap   total 418816K, used 227035K [0x00000000d9a00000, 0x0000000100000000)
  region size 1024K, 3 young (3072K), 3 survivors (3072K)
 Metaspace       used 63400K, capacity 66175K, committed 66612K, reserved 1110016K
  class space    used 5635K, capacity 6638K, committed 6732K, reserved 1048576K
}
Event: 167.910 GC heap before
{Heap before GC invocations=97 (full 0):
 garbage-first heap   total 418816K, used 244443K [0x00000000d9a00000, 0x0000000100000000)
  region size 1024K, 20 young (20480K), 3 survivors (3072K)
 Metaspace       used 63433K, capacity 66239K, committed 66612K, reserved 1110016K
  class space    used 5635K, capacity 6638K, committed 6732K, reserved 1048576K
}
Event: 167.931 GC heap after
{Heap after GC invocations=98 (full 0):
 garbage-first heap   total 418816K, used 191091K [0x00000000d9a00000, 0x0000000100000000)
  region size 1024K, 2 young (2048K), 2 survivors (2048K)
 Metaspace       used 63433K, capacity 66239K, committed 66612K, reserved 1110016K
  class space    used 5635K, capacity 6638K, committed 6732K, reserved 1048576K
}
Event: 168.036 GC heap before
{Heap before GC invocations=98 (full 0):
 garbage-first heap   total 418816K, used 209523K [0x00000000d9a00000, 0x0000000100000000)
  region size 1024K, 20 young (20480K), 2 survivors (2048K)
 Metaspace       used 63440K, capacity 66239K, committed 66612K, reserved 1110016K
  class space    used 5635K, capacity 6638K, committed 6732K, reserved 1048576K
}
Event: 168.099 GC heap after
{Heap after GC invocations=99 (full 0):
 garbage-first heap   total 418816K, used 179030K [0x00000000d9a00000, 0x0000000100000000)
  region size 1024K, 3 young (3072K), 3 survivors (3072K)
 Metaspace       used 63440K, capacity 66239K, committed 66612K, reserved 1110016K
  class space    used 5635K, capacity 6638K, committed 6732K, reserved 1048576K
}
Event: 168.476 GC heap before
{Heap before GC invocations=99 (full 0):
 garbage-first heap   total 418816K, used 250710K [0x00000000d9a00000, 0x0000000100000000)
  region size 1024K, 73 young (74752K), 3 survivors (3072K)
 Metaspace       used 63518K, capacity 66303K, committed 66868K, reserved 1110016K
  class space    used 5635K, capacity 6638K, committed 6732K, reserved 1048576K
}
Event: 168.507 GC heap after
{Heap after GC invocations=100 (full 0):
 garbage-first heap   total 418816K, used 185852K [0x00000000d9a00000, 0x0000000100000000)
  region size 1024K, 10 young (10240K), 10 survivors (10240K)
 Metaspace       used 63518K, capacity 66303K, committed 66868K, reserved 1110016K
  class space    used 5635K, capacity 6638K, committed 6732K, reserved 1048576K
}
Event: 181.611 GC heap before
{Heap before GC invocations=100 (full 0):
 garbage-first heap   total 418816K, used 265724K [0x00000000d9a00000, 0x0000000100000000)
  region size 1024K, 85 young (87040K), 10 survivors (10240K)
 Metaspace       used 63537K, capacity 66303K, committed 66868K, reserved 1110016K
  class space    used 5636K, capacity 6638K, committed 6732K, reserved 1048576K
}
Event: 181.639 GC heap after
{Heap after GC invocations=101 (full 0):
 garbage-first heap   total 418816K, used 196375K [0x00000000d9a00000, 0x0000000100000000)
  region size 1024K, 10 young (10240K), 10 survivors (10240K)
 Metaspace       used 63537K, capacity 66303K, committed 66868K, reserved 1110016K
  class space    used 5636K, capacity 6638K, committed 6732K, reserved 1048576K
}

